# JRE version: Java(TM) SE Runtime Environment (8.0_171-b11) (build 1.8.0_171-b11)
# Java VM: Java HotSpot(TM) 64-Bit Server VM (25.171-b11 mixed mode windows-amd64 compressed oops)
Heap:
 PSYoungGen      total 159744K, used 72996K [0x00000000eb180000, 0x00000000f5e80000, 0x0000000100000000)
  eden space 150528K, 48% used [0x00000000eb180000,0x00000000ef8c9310,0x00000000f4480000)
  from space 9216K, 0% used [0x00000000f5580000,0x00000000f5580000,0x00000000f5e80000)
  to   space 13312K, 0% used [0x00000000f4480000,0x00000000f4480000,0x00000000f5180000)
 ParOldGen       total 53248K, used 19295K [0x00000000c1400000, 0x00000000c4800000, 0x00000000eb180000)
  object space 53248K, 36% used [0x00000000c1400000,0x00000000c26d7ca0,0x00000000c4800000)
 Metaspace       used 39962K, capacity 41644K, committed 41856K, reserved 1085440K
  class space    used 5350K, capacity 5671K, committed 5760K, reserved 1048576K
GC Heap History (10 events):
Event: 5.019 GC heap before
{Heap before GC invocations=8 (full 1):
 PSYoungGen      total 72192K, used 65536K [0x00000000eb180000, 0x00000000efe80000, 0x0000000100000000)
  eden space 65536K, 100% used [0x00000000eb180000,0x00000000ef180000,0x00000000ef180000)
  from space 6656K, 0% used [0x00000000ef800000,0x00000000ef800000,0x00000000efe80000)
  to   space 6656K, 0% used [0x00000000ef180000,0x00000000ef180000,0x00000000ef800000)
 ParOldGen       total 32768K, used 8111K [0x00000000c1400000, 0x00000000c3400000, 0x00000000eb180000)
  object space 32768K, 24% used [0x00000000c1400000,0x00000000c1bebf90,0x00000000c3400000)
 Metaspace       used 24267K, capacity 25058K, committed 25344K, reserved 1071104K
  class space    used 3278K, capacity 3477K, committed 3584K, reserved 1048576K
Event: 5.028 GC heap after
Heap after GC invocations=8 (full 1):
 PSYoungGen      total 72192K, used 6627K [0x00000000eb180000, 0x00000000f2e00000, 0x0000000100000000)
  eden space 65536K, 0% used [0x00000000eb180000,0x00000000eb180000,0x00000000ef180000)
  from space 6656K, 99% used [0x00000000ef180000,0x00000000ef7f8d58,0x00000000ef800000)
  to   space 7680K, 0% used [0x00000000f2680000,0x00000000f2680000,0x00000000f2e00000)
 ParOldGen       total 32768K, used 8388K [0x00000000c1400000, 0x00000000c3400000, 0x00000000eb180000)
  object space 32768K, 25% used [0x00000000c1400000,0x00000000c1c31058,0x00000000c3400000)
 Metaspace       used 24267K, capacity 25058K, committed 25344K, reserved 1071104K
  class space    used 3278K, capacity 3477K, committed 3584K, reserved 1048576K
}
Event: 5.748 GC heap before
{Heap before GC invocations=9 (full 1):
 PSYoungGen      total 72192K, used 72163K [0x00000000eb180000, 0x00000000f2e00000, 0x0000000100000000)
  eden space 65536K, 100% used [0x00000000eb180000,0x00000000ef180000,0x00000000ef180000)
  from space 6656K, 99% used [0x00000000ef180000,0x00000000ef7f8d58,0x00000000ef800000)
  to   space 7680K, 0% used [0x00000000f2680000,0x00000000f2680000,0x00000000f2e00000)
 ParOldGen       total 32768K, used 8388K [0x00000000c1400000, 0x00000000c3400000, 0x00000000eb180000)
  object space 32768K, 25% used [0x00000000c1400000,0x00000000c1c31058,0x00000000c3400000)
 Metaspace       used 26753K, capacity 28052K, committed 28288K, reserved 1073152K
  class space    used 3664K, capacity 3932K, committed 3968K, reserved 1048576K
Event: 5.758 GC heap after
Heap after GC invocations=9 (full 1):
 PSYoungGen      total 118272K, used 7319K [0x00000000eb180000, 0x00000000f2e80000, 0x0000000100000000)
  eden space 110592K, 0% used [0x00000000eb180000,0x00000000eb180000,0x00000000f1d80000)
  from space 7680K, 95% used [0x00000000f2680000,0x00000000f2da5eb8,0x00000000f2e00000)
  to   space 8704K, 0% used [0x00000000f1d80000,0x00000000f1d80000,0x00000000f2600000)
 ParOldGen       total 32768K, used 8396K [0x00000000c1400000, 0x00000000c3400000, 0x00000000eb180000)
  object space 32768K, 25% used [0x00000000c1400000,0x00000000c1c33058,0x00000000c3400000)
 Metaspace       used 26753K, capacity 28052K, committed 28288K, reserved 1073152K
  class space    used 3664K, capacity 3932K, committed 3968K, reserved 1048576K
}
Event: 7.456 GC heap before
{Heap before GC invocations=10 (full 1):
 PSYoungGen      total 118272K, used 117911K [0x00000000eb180000, 0x00000000f2e80000, 0x0000000100000000)
  eden space 110592K, 100% used [0x00000000eb180000,0x00000000f1d80000,0x00000000f1d80000)
  from space 7680K, 95% used [0x00000000f2680000,0x00000000f2da5eb8,0x00000000f2e00000)
  to   space 8704K, 0% used [0x00000000f1d80000,0x00000000f1d80000,0x00000000f2600000)
 ParOldGen       total 32768K, used 8396K [0x00000000c1400000, 0x00000000c3400000, 0x00000000eb180000)
  object space 32768K, 25% used [0x00000000c1400000,0x00000000c1c33058,0x00000000c3400000)
 Metaspace       used 31633K, capacity 33008K, committed 33024K, reserved 1077248K
  class space    used 4310K, capacity 4608K, committed 4608K, reserved 1048576K
Event: 7.479 GC heap after
Heap after GC invocations=10 (full 1):
 PSYoungGen      total 119296K, used 8674K [0x00000000eb180000, 0x00000000f6280000, 0x0000000100000000)
  eden space 110592K, 0% used [0x00000000eb180000,0x00000000eb180000,0x00000000f1d80000)
  from space 8704K, 99% used [0x00000000f1d80000,0x00000000f25f89a0,0x00000000f2600000)
  to   space 13312K, 0% used [0x00000000f5580000,0x00000000f5580000,0x00000000f6280000)
 ParOldGen       total 32768K, used 17495K [0x00000000c1400000, 0x00000000c3400000, 0x00000000eb180000)
  object space 32768K, 53% used [0x00000000c1400000,0x00000000c2515e40,0x00000000c3400000)
 Metaspace       used 31633K, capacity 33008K, committed 33024K, reserved 1077248K
  class space    used 4310K, capacity 4608K, committed 4608K, reserved 1048576K
}
Event: 99.707 GC heap before
{Heap before GC invocations=11 (full 1):
 PSYoungGen      total 119296K, used 95000K [0x00000000eb180000, 0x00000000f6280000, 0x0000000100000000)
  eden space 110592K, 78% used [0x00000000eb180000,0x00000000f05cd6e0,0x00000000f1d80000)
  from space 8704K, 99% used [0x00000000f1d80000,0x00000000f25f89a0,0x00000000f2600000)
  to   space 13312K, 0% used [0x00000000f5580000,0x00000000f5580000,0x00000000f6280000)
 ParOldGen       total 32768K, used 17495K [0x00000000c1400000, 0x00000000c3400000, 0x00000000eb180000)
  object space 32768K, 53% used [0x00000000c1400000,0x00000000c2515e40,0x00000000c3400000)
 Metaspace       used 33753K, capacity 35318K, committed 35456K, reserved 1079296K
  class space    used 4608K, capacity 4902K, committed 4992K, reserved 1048576K
Event: 99.729 GC heap after
Heap after GC invocations=11 (full 1):
 PSYoungGen      total 159744K, used 7999K [0x00000000eb180000, 0x00000000f5e80000, 0x0000000100000000)
  eden space 150528K, 0% used [0x00000000eb180000,0x00000000eb180000,0x00000000f4480000)
  from space 9216K, 86% used [0x00000000f5580000,0x00000000f5d4fd40,0x00000000f5e80000)
  to   space 13312K, 0% used [0x00000000f4480000,0x00000000f4480000,0x00000000f5180000)
 ParOldGen       total 32768K, used 21167K [0x00000000c1400000, 0x00000000c3400000, 0x00000000eb180000)
  object space 32768K, 64% used [0x00000000c1400000,0x00000000c28abeb0,0x00000000c3400000)
 Metaspace       used 33753K, capacity 35318K, committed 35456K, reserved 1079296K
  class space    used 4608K, capacity 4902K, committed 4992K, reserved 1048576K
}
Event: 99.729 GC heap before
{Heap before GC invocations=12 (full 2):
 PSYoungGen      total 159744K, used 7999K [0x00000000eb180000, 0x00000000f5e80000, 0x0000000100000000)
  eden space 150528K, 0% used [0x00000000eb180000,0x00000000eb180000,0x00000000f4480000)
  from space 9216K, 86% used [0x00000000f5580000,0x00000000f5d4fd40,0x00000000f5e80000)
  to   space 13312K, 0% used [0x00000000f4480000,0x00000000f4480000,0x00000000f5180000)
 ParOldGen       total 32768K, used 21167K [0x00000000c1400000, 0x00000000c3400000, 0x00000000eb180000)
  object space 32768K, 64% used [0x00000000c1400000,0x00000000c28abeb0,0x00000000c3400000)
 Metaspace       used 33753K, capacity 35318K, committed 35456K, reserved 1079296K
  class space    used 4608K, capacity 4902K, committed 4992K, reserved 1048576K
Event: 99.841 GC heap after
Heap after GC invocations=12 (full 2):
 PSYoungGen      total 159744K, used 0K [0x00000000eb180000, 0x00000000f5e80000, 0x0000000100000000)
  eden space 150528K, 0% used [0x00000000eb180000,0x00000000eb180000,0x00000000f4480000)
  from space 9216K, 0% used [0x00000000f5580000,0x00000000f5580000,0x00000000f5e80000)
  to   space 13312K, 0% used [0x00000000f4480000,0x00000000f4480000,0x00000000f5180000)
 ParOldGen       total 53248K, used 19295K [0x00000000c1400000, 0x00000000c4800000, 0x00000000eb180000)
  object space 53248K, 36% used [0x00000000c1400000,0x00000000c26d7ca0,0x00000000c4800000)
 Metaspace       used 33753K, capacity 35318K, committed 35456K, reserved 1079296K
  class space    used 4608K, capacity 4902K, committed 4992K, reserved 1048576K
}

